        -:    0:Source:/mnt/c/Users/rober/Desktop/University/Repos/A5-6-OOP/Sources/service.cpp
        -:    0:Graph:/mnt/c/Users/rober/Desktop/University/Repos/A5-6-OOP/cmake-build-debug-coverage/CMakeFiles/A5_6_OOP.dir/Sources/service.cpp.gcno
        -:    0:Data:/mnt/c/Users/rober/Desktop/University/Repos/A5-6-OOP/cmake-build-debug-coverage/CMakeFiles/A5_6_OOP.dir/Sources/service.cpp.gcda
        -:    0:Runs:1
        -:    1:#include "../Headers/service.h"
        -:    2:
function _ZN7ServiceC2ER4Repo called 1 returned 100% blocks executed 100%
        1:    3:Service::Service(Repo &rep) : r{rep}{}
        -:    4:
function _ZN7Service3addEiRKNSt7__cxx1112basic_stringIcSt11char_traitsIcESaIcEEEfiS7_ called 1 returned 100% blocks executed 71%
        1:    5:void Service::add(int size, const std::string &color, float price, int quantity, const std::string &photo) {
        2:    6:    Coat c = Coat(size, color, price, quantity, photo);
        1:    6-block  0
call    0 returned 1
branch  1 taken 1 (fallthrough)
branch  2 taken 0 (throw)
        1:    6-block  1
call    3 returned 1
    $$$$$:    6-block  2
call    4 never executed
        1:    7:    this->r.add(c);
        1:    7-block  0
call    0 returned 1
branch  1 taken 1 (fallthrough)
branch  2 taken 0 (throw)
        1:    8:}
        -:    9:
function _ZN7Service6updateEiRKNSt7__cxx1112basic_stringIcSt11char_traitsIcESaIcEEEfiS7_ called 1 returned 100% blocks executed 100%
        1:   10:void Service::update(int size, const std::string &color, float price, int quantity, const std::string &photo) {
        1:   11:    this->r.get_at(this->r.get_index(size, color)).update(size, color, price, quantity, photo);
        1:   11-block  0
call    0 returned 1
call    1 returned 1
call    2 returned 1
        1:   12:}
        -:   13:
function _ZN7Service6removeEiRKNSt7__cxx1112basic_stringIcSt11char_traitsIcESaIcEEE called 1 returned 100% blocks executed 53%
        1:   14:void Service::remove(int size, const std::string &color) {
        3:   15:    Coat c = Coat(size, color, 0.0f, 0, "");
        1:   15-block  0
call    0 returned 1
call    1 returned 1
branch  2 taken 1 (fallthrough)
branch  3 taken 0 (throw)
        1:   15-block  1
call    4 returned 1
branch  5 taken 1 (fallthrough)
branch  6 taken 0 (throw)
call    7 returned 1
        1:   15-block  2
call    8 returned 1
    $$$$$:   15-block  3
    $$$$$:   15-block  4
    $$$$$:   15-block  5
call    9 never executed
        1:   16:    this->r.remove(c);
call    0 returned 1
branch  1 taken 1 (fallthrough)
branch  2 taken 0 (throw)
        1:   17:}
